{"C:\\Users\\yanak\\Documents\\Bootcamp\\Hacktiv8\\Phase 2 Repeat\\Individual Project\\IP-Yanbi\\server\\app.js": {"path":"C:\\Users\\yanak\\Documents\\Bootcamp\\Hacktiv8\\Phase 2 Repeat\\Individual Project\\IP-Yanbi\\server\\app.js","statementMap":{"0":{"start":{"line":1,"column":0},"end":{"line":3,"column":1}},"1":{"start":{"line":2,"column":2},"end":{"line":2,"column":29}},"2":{"start":{"line":5,"column":0},"end":{"line":5,"column":27}},"3":{"start":{"line":6,"column":16},"end":{"line":6,"column":34}},"4":{"start":{"line":7,"column":13},"end":{"line":7,"column":28}},"5":{"start":{"line":8,"column":15},"end":{"line":8,"column":34}},"6":{"start":{"line":9,"column":12},"end":{"line":9,"column":21}},"7":{"start":{"line":11,"column":0},"end":{"line":11,"column":16}},"8":{"start":{"line":12,"column":0},"end":{"line":12,"column":46}},"9":{"start":{"line":13,"column":0},"end":{"line":13,"column":24}},"10":{"start":{"line":14,"column":0},"end":{"line":14,"column":21}},"11":{"start":{"line":16,"column":0},"end":{"line":16,"column":21}}},"fnMap":{},"branchMap":{"0":{"loc":{"start":{"line":1,"column":0},"end":{"line":3,"column":1}},"type":"if","locations":[{"start":{"line":1,"column":0},"end":{"line":3,"column":1}},{"start":{},"end":{}}],"line":1}},"s":{"0":1,"1":1,"2":1,"3":1,"4":1,"5":1,"6":1,"7":1,"8":1,"9":1,"10":1,"11":1},"f":{},"b":{"0":[1,0]},"_coverageSchema":"1a1c01bbd47fc00a2c39e90264f33305004495a9","hash":"0db5d5fa8339d49e09ac39632b7bfce4f391e88d"}
,"C:\\Users\\yanak\\Documents\\Bootcamp\\Hacktiv8\\Phase 2 Repeat\\Individual Project\\IP-Yanbi\\server\\controller\\countryController.js": {"path":"C:\\Users\\yanak\\Documents\\Bootcamp\\Hacktiv8\\Phase 2 Repeat\\Individual Project\\IP-Yanbi\\server\\controller\\countryController.js","statementMap":{"0":{"start":{"line":1,"column":26},"end":{"line":1,"column":46}},"1":{"start":{"line":2,"column":13},"end":{"line":2,"column":33}},"2":{"start":{"line":3,"column":26},"end":{"line":3,"column":54}},"3":{"start":{"line":4,"column":14},"end":{"line":4,"column":30}},"4":{"start":{"line":7,"column":4},"end":{"line":37,"column":5}},"5":{"start":{"line":8,"column":53},"end":{"line":8,"column":62}},"6":{"start":{"line":9,"column":29},"end":{"line":9,"column":40}},"7":{"start":{"line":11,"column":6},"end":{"line":15,"column":7}},"8":{"start":{"line":12,"column":8},"end":{"line":14,"column":10}},"9":{"start":{"line":17,"column":6},"end":{"line":21,"column":7}},"10":{"start":{"line":18,"column":8},"end":{"line":20,"column":10}},"11":{"start":{"line":23,"column":6},"end":{"line":23,"column":45}},"12":{"start":{"line":24,"column":6},"end":{"line":24,"column":69}},"13":{"start":{"line":26,"column":28},"end":{"line":26,"column":73}},"14":{"start":{"line":28,"column":6},"end":{"line":34,"column":9}},"15":{"start":{"line":36,"column":6},"end":{"line":36,"column":18}},"16":{"start":{"line":40,"column":4},"end":{"line":52,"column":5}},"17":{"start":{"line":41,"column":24},"end":{"line":41,"column":37}},"18":{"start":{"line":42,"column":22},"end":{"line":42,"column":55}},"19":{"start":{"line":43,"column":6},"end":{"line":48,"column":7}},"20":{"start":{"line":44,"column":8},"end":{"line":47,"column":10}},"21":{"start":{"line":49,"column":6},"end":{"line":49,"column":36}},"22":{"start":{"line":51,"column":6},"end":{"line":51,"column":18}},"23":{"start":{"line":55,"column":4},"end":{"line":85,"column":5}},"24":{"start":{"line":56,"column":24},"end":{"line":56,"column":37}},"25":{"start":{"line":58,"column":22},"end":{"line":58,"column":55}},"26":{"start":{"line":59,"column":6},"end":{"line":64,"column":7}},"27":{"start":{"line":60,"column":8},"end":{"line":63,"column":10}},"28":{"start":{"line":65,"column":22},"end":{"line":68,"column":8}},"29":{"start":{"line":70,"column":6},"end":{"line":75,"column":7}},"30":{"start":{"line":71,"column":8},"end":{"line":74,"column":11}},"31":{"start":{"line":76,"column":29},"end":{"line":76,"column":68}},"32":{"start":{"line":76,"column":48},"end":{"line":76,"column":57}},"33":{"start":{"line":77,"column":21},"end":{"line":77,"column":122}},"34":{"start":{"line":78,"column":22},"end":{"line":78,"column":51}},"35":{"start":{"line":79,"column":6},"end":{"line":82,"column":9}},"36":{"start":{"line":84,"column":6},"end":{"line":84,"column":18}},"37":{"start":{"line":88,"column":4},"end":{"line":110,"column":5}},"38":{"start":{"line":89,"column":24},"end":{"line":89,"column":37}},"39":{"start":{"line":90,"column":22},"end":{"line":90,"column":55}},"40":{"start":{"line":91,"column":6},"end":{"line":96,"column":7}},"41":{"start":{"line":92,"column":8},"end":{"line":95,"column":10}},"42":{"start":{"line":98,"column":31},"end":{"line":98,"column":59}},"43":{"start":{"line":99,"column":23},"end":{"line":101,"column":7}},"44":{"start":{"line":102,"column":19},"end":{"line":102,"column":40}},"45":{"start":{"line":104,"column":6},"end":{"line":107,"column":9}},"46":{"start":{"line":109,"column":6},"end":{"line":109,"column":18}},"47":{"start":{"line":114,"column":4},"end":{"line":155,"column":5}},"48":{"start":{"line":115,"column":19},"end":{"line":115,"column":29}},"49":{"start":{"line":117,"column":22},"end":{"line":117,"column":48}},"50":{"start":{"line":119,"column":6},"end":{"line":121,"column":7}},"51":{"start":{"line":120,"column":8},"end":{"line":120,"column":79}},"52":{"start":{"line":123,"column":21},"end":{"line":123,"column":52}},"53":{"start":{"line":124,"column":6},"end":{"line":124,"column":60}},"54":{"start":{"line":126,"column":26},"end":{"line":130,"column":7}},"55":{"start":{"line":131,"column":6},"end":{"line":131,"column":77}},"56":{"start":{"line":133,"column":23},"end":{"line":133,"column":70}},"57":{"start":{"line":135,"column":6},"end":{"line":137,"column":7}},"58":{"start":{"line":136,"column":8},"end":{"line":136,"column":71}},"59":{"start":{"line":139,"column":25},"end":{"line":139,"column":33}},"60":{"start":{"line":141,"column":21},"end":{"line":141,"column":106}},"61":{"start":{"line":143,"column":6},"end":{"line":147,"column":9}},"62":{"start":{"line":149,"column":6},"end":{"line":153,"column":8}},"63":{"start":{"line":154,"column":6},"end":{"line":154,"column":18}},"64":{"start":{"line":159,"column":0},"end":{"line":159,"column":35}}},"fnMap":{"0":{"name":"(anonymous_0)","decl":{"start":{"line":6,"column":2},"end":{"line":6,"column":3}},"loc":{"start":{"line":6,"column":47},"end":{"line":38,"column":3}},"line":6},"1":{"name":"(anonymous_1)","decl":{"start":{"line":39,"column":2},"end":{"line":39,"column":3}},"loc":{"start":{"line":39,"column":39},"end":{"line":53,"column":3}},"line":39},"2":{"name":"(anonymous_2)","decl":{"start":{"line":54,"column":2},"end":{"line":54,"column":3}},"loc":{"start":{"line":54,"column":47},"end":{"line":86,"column":3}},"line":54},"3":{"name":"(anonymous_3)","decl":{"start":{"line":76,"column":41},"end":{"line":76,"column":42}},"loc":{"start":{"line":76,"column":48},"end":{"line":76,"column":57}},"line":76},"4":{"name":"(anonymous_4)","decl":{"start":{"line":87,"column":2},"end":{"line":87,"column":3}},"loc":{"start":{"line":87,"column":40},"end":{"line":111,"column":3}},"line":87},"5":{"name":"(anonymous_5)","decl":{"start":{"line":113,"column":2},"end":{"line":113,"column":3}},"loc":{"start":{"line":113,"column":42},"end":{"line":156,"column":3}},"line":113}},"branchMap":{"0":{"loc":{"start":{"line":8,"column":21},"end":{"line":8,"column":29}},"type":"default-arg","locations":[{"start":{"line":8,"column":28},"end":{"line":8,"column":29}}],"line":8},"1":{"loc":{"start":{"line":8,"column":31},"end":{"line":8,"column":41}},"type":"default-arg","locations":[{"start":{"line":8,"column":39},"end":{"line":8,"column":41}}],"line":8},"2":{"loc":{"start":{"line":11,"column":6},"end":{"line":15,"column":7}},"type":"if","locations":[{"start":{"line":11,"column":6},"end":{"line":15,"column":7}},{"start":{},"end":{}}],"line":11},"3":{"loc":{"start":{"line":17,"column":6},"end":{"line":21,"column":7}},"type":"if","locations":[{"start":{"line":17,"column":6},"end":{"line":21,"column":7}},{"start":{},"end":{}}],"line":17},"4":{"loc":{"start":{"line":43,"column":6},"end":{"line":48,"column":7}},"type":"if","locations":[{"start":{"line":43,"column":6},"end":{"line":48,"column":7}},{"start":{},"end":{}}],"line":43},"5":{"loc":{"start":{"line":59,"column":6},"end":{"line":64,"column":7}},"type":"if","locations":[{"start":{"line":59,"column":6},"end":{"line":64,"column":7}},{"start":{},"end":{}}],"line":59},"6":{"loc":{"start":{"line":70,"column":6},"end":{"line":75,"column":7}},"type":"if","locations":[{"start":{"line":70,"column":6},"end":{"line":75,"column":7}},{"start":{},"end":{}}],"line":70},"7":{"loc":{"start":{"line":91,"column":6},"end":{"line":96,"column":7}},"type":"if","locations":[{"start":{"line":91,"column":6},"end":{"line":96,"column":7}},{"start":{},"end":{}}],"line":91},"8":{"loc":{"start":{"line":119,"column":6},"end":{"line":121,"column":7}},"type":"if","locations":[{"start":{"line":119,"column":6},"end":{"line":121,"column":7}},{"start":{},"end":{}}],"line":119},"9":{"loc":{"start":{"line":135,"column":6},"end":{"line":137,"column":7}},"type":"if","locations":[{"start":{"line":135,"column":6},"end":{"line":137,"column":7}},{"start":{},"end":{}}],"line":135}},"s":{"0":1,"1":1,"2":1,"3":1,"4":0,"5":0,"6":0,"7":0,"8":0,"9":0,"10":0,"11":0,"12":0,"13":0,"14":0,"15":0,"16":0,"17":0,"18":0,"19":0,"20":0,"21":0,"22":0,"23":0,"24":0,"25":0,"26":0,"27":0,"28":0,"29":0,"30":0,"31":0,"32":0,"33":0,"34":0,"35":0,"36":0,"37":0,"38":0,"39":0,"40":0,"41":0,"42":0,"43":0,"44":0,"45":0,"46":0,"47":0,"48":0,"49":0,"50":0,"51":0,"52":0,"53":0,"54":0,"55":0,"56":0,"57":0,"58":0,"59":0,"60":0,"61":0,"62":0,"63":0,"64":1},"f":{"0":0,"1":0,"2":0,"3":0,"4":0,"5":0},"b":{"0":[0],"1":[0],"2":[0,0],"3":[0,0],"4":[0,0],"5":[0,0],"6":[0,0],"7":[0,0],"8":[0,0],"9":[0,0]},"_coverageSchema":"1a1c01bbd47fc00a2c39e90264f33305004495a9","hash":"6ce7763f46e5b95646ef57fed7120fa5a0d1373c"}
,"C:\\Users\\yanak\\Documents\\Bootcamp\\Hacktiv8\\Phase 2 Repeat\\Individual Project\\IP-Yanbi\\server\\controller\\reviewController.js": {"path":"C:\\Users\\yanak\\Documents\\Bootcamp\\Hacktiv8\\Phase 2 Repeat\\Individual Project\\IP-Yanbi\\server\\controller\\reviewController.js","statementMap":{"0":{"start":{"line":1,"column":32},"end":{"line":1,"column":52}},"1":{"start":{"line":5,"column":4},"end":{"line":35,"column":5}},"2":{"start":{"line":6,"column":24},"end":{"line":6,"column":37}},"3":{"start":{"line":7,"column":21},"end":{"line":7,"column":33}},"4":{"start":{"line":9,"column":6},"end":{"line":9,"column":66}},"5":{"start":{"line":11,"column":22},"end":{"line":21,"column":8}},"6":{"start":{"line":23,"column":6},"end":{"line":26,"column":7}},"7":{"start":{"line":24,"column":8},"end":{"line":24,"column":69}},"8":{"start":{"line":25,"column":8},"end":{"line":25,"column":40}},"9":{"start":{"line":28,"column":6},"end":{"line":28,"column":36}},"10":{"start":{"line":30,"column":6},"end":{"line":33,"column":8}},"11":{"start":{"line":34,"column":6},"end":{"line":34,"column":18}},"12":{"start":{"line":38,"column":4},"end":{"line":59,"column":5}},"13":{"start":{"line":39,"column":32},"end":{"line":39,"column":40}},"14":{"start":{"line":41,"column":6},"end":{"line":43,"column":7}},"15":{"start":{"line":42,"column":8},"end":{"line":42,"column":71}},"16":{"start":{"line":45,"column":21},"end":{"line":50,"column":8}},"17":{"start":{"line":52,"column":28},"end":{"line":54,"column":8}},"18":{"start":{"line":56,"column":6},"end":{"line":56,"column":42}},"19":{"start":{"line":58,"column":6},"end":{"line":58,"column":18}},"20":{"start":{"line":63,"column":4},"end":{"line":94,"column":5}},"21":{"start":{"line":64,"column":19},"end":{"line":64,"column":29}},"22":{"start":{"line":65,"column":32},"end":{"line":65,"column":40}},"23":{"start":{"line":67,"column":6},"end":{"line":69,"column":7}},"24":{"start":{"line":68,"column":8},"end":{"line":68,"column":71}},"25":{"start":{"line":71,"column":6},"end":{"line":76,"column":7}},"26":{"start":{"line":72,"column":8},"end":{"line":75,"column":10}},"27":{"start":{"line":78,"column":38},"end":{"line":81,"column":7}},"28":{"start":{"line":83,"column":6},"end":{"line":85,"column":7}},"29":{"start":{"line":84,"column":8},"end":{"line":84,"column":62}},"30":{"start":{"line":87,"column":28},"end":{"line":89,"column":8}},"31":{"start":{"line":91,"column":6},"end":{"line":91,"column":42}},"32":{"start":{"line":93,"column":6},"end":{"line":93,"column":18}},"33":{"start":{"line":98,"column":4},"end":{"line":118,"column":5}},"34":{"start":{"line":99,"column":19},"end":{"line":99,"column":29}},"35":{"start":{"line":101,"column":6},"end":{"line":104,"column":7}},"36":{"start":{"line":102,"column":8},"end":{"line":102,"column":57}},"37":{"start":{"line":103,"column":8},"end":{"line":103,"column":68}},"38":{"start":{"line":106,"column":6},"end":{"line":106,"column":62}},"39":{"start":{"line":107,"column":6},"end":{"line":107,"column":63}},"40":{"start":{"line":109,"column":22},"end":{"line":109,"column":57}},"41":{"start":{"line":111,"column":6},"end":{"line":113,"column":7}},"42":{"start":{"line":112,"column":8},"end":{"line":112,"column":62}},"43":{"start":{"line":115,"column":6},"end":{"line":115,"column":69}},"44":{"start":{"line":117,"column":6},"end":{"line":117,"column":18}},"45":{"start":{"line":122,"column":0},"end":{"line":122,"column":34}}},"fnMap":{"0":{"name":"(anonymous_0)","decl":{"start":{"line":4,"column":2},"end":{"line":4,"column":3}},"loc":{"start":{"line":4,"column":46},"end":{"line":36,"column":3}},"line":4},"1":{"name":"(anonymous_1)","decl":{"start":{"line":37,"column":2},"end":{"line":37,"column":3}},"loc":{"start":{"line":37,"column":38},"end":{"line":60,"column":3}},"line":37},"2":{"name":"(anonymous_2)","decl":{"start":{"line":62,"column":2},"end":{"line":62,"column":3}},"loc":{"start":{"line":62,"column":38},"end":{"line":95,"column":3}},"line":62},"3":{"name":"(anonymous_3)","decl":{"start":{"line":97,"column":2},"end":{"line":97,"column":3}},"loc":{"start":{"line":97,"column":38},"end":{"line":119,"column":3}},"line":97}},"branchMap":{"0":{"loc":{"start":{"line":23,"column":6},"end":{"line":26,"column":7}},"type":"if","locations":[{"start":{"line":23,"column":6},"end":{"line":26,"column":7}},{"start":{},"end":{}}],"line":23},"1":{"loc":{"start":{"line":41,"column":6},"end":{"line":43,"column":7}},"type":"if","locations":[{"start":{"line":41,"column":6},"end":{"line":43,"column":7}},{"start":{},"end":{}}],"line":41},"2":{"loc":{"start":{"line":41,"column":10},"end":{"line":41,"column":29}},"type":"binary-expr","locations":[{"start":{"line":41,"column":10},"end":{"line":41,"column":17}},{"start":{"line":41,"column":21},"end":{"line":41,"column":29}}],"line":41},"3":{"loc":{"start":{"line":67,"column":6},"end":{"line":69,"column":7}},"type":"if","locations":[{"start":{"line":67,"column":6},"end":{"line":69,"column":7}},{"start":{},"end":{}}],"line":67},"4":{"loc":{"start":{"line":67,"column":10},"end":{"line":67,"column":29}},"type":"binary-expr","locations":[{"start":{"line":67,"column":10},"end":{"line":67,"column":17}},{"start":{"line":67,"column":21},"end":{"line":67,"column":29}}],"line":67},"5":{"loc":{"start":{"line":71,"column":6},"end":{"line":76,"column":7}},"type":"if","locations":[{"start":{"line":71,"column":6},"end":{"line":76,"column":7}},{"start":{},"end":{}}],"line":71},"6":{"loc":{"start":{"line":71,"column":10},"end":{"line":71,"column":55}},"type":"binary-expr","locations":[{"start":{"line":71,"column":10},"end":{"line":71,"column":30}},{"start":{"line":71,"column":34},"end":{"line":71,"column":55}}],"line":71},"7":{"loc":{"start":{"line":83,"column":6},"end":{"line":85,"column":7}},"type":"if","locations":[{"start":{"line":83,"column":6},"end":{"line":85,"column":7}},{"start":{},"end":{}}],"line":83},"8":{"loc":{"start":{"line":101,"column":6},"end":{"line":104,"column":7}},"type":"if","locations":[{"start":{"line":101,"column":6},"end":{"line":104,"column":7}},{"start":{},"end":{}}],"line":101},"9":{"loc":{"start":{"line":101,"column":10},"end":{"line":101,"column":26}},"type":"binary-expr","locations":[{"start":{"line":101,"column":10},"end":{"line":101,"column":13}},{"start":{"line":101,"column":17},"end":{"line":101,"column":26}}],"line":101},"10":{"loc":{"start":{"line":111,"column":6},"end":{"line":113,"column":7}},"type":"if","locations":[{"start":{"line":111,"column":6},"end":{"line":113,"column":7}},{"start":{},"end":{}}],"line":111}},"s":{"0":1,"1":0,"2":0,"3":0,"4":0,"5":0,"6":0,"7":0,"8":0,"9":0,"10":0,"11":0,"12":0,"13":0,"14":0,"15":0,"16":0,"17":0,"18":0,"19":0,"20":0,"21":0,"22":0,"23":0,"24":0,"25":0,"26":0,"27":0,"28":0,"29":0,"30":0,"31":0,"32":0,"33":0,"34":0,"35":0,"36":0,"37":0,"38":0,"39":0,"40":0,"41":0,"42":0,"43":0,"44":0,"45":1},"f":{"0":0,"1":0,"2":0,"3":0},"b":{"0":[0,0],"1":[0,0],"2":[0,0],"3":[0,0],"4":[0,0],"5":[0,0],"6":[0,0],"7":[0,0],"8":[0,0],"9":[0,0],"10":[0,0]},"_coverageSchema":"1a1c01bbd47fc00a2c39e90264f33305004495a9","hash":"839841eb99a1b1bce76028949a311c0949bb8c1b"}
,"C:\\Users\\yanak\\Documents\\Bootcamp\\Hacktiv8\\Phase 2 Repeat\\Individual Project\\IP-Yanbi\\server\\controller\\userController.js": {"path":"C:\\Users\\yanak\\Documents\\Bootcamp\\Hacktiv8\\Phase 2 Repeat\\Individual Project\\IP-Yanbi\\server\\controller\\userController.js","statementMap":{"0":{"start":{"line":1,"column":26},"end":{"line":1,"column":54}},"1":{"start":{"line":2,"column":20},"end":{"line":2,"column":45}},"2":{"start":{"line":3,"column":15},"end":{"line":3,"column":35}},"3":{"start":{"line":4,"column":23},"end":{"line":4,"column":53}},"4":{"start":{"line":8,"column":4},"end":{"line":23,"column":5}},"5":{"start":{"line":9,"column":40},"end":{"line":9,"column":48}},"6":{"start":{"line":10,"column":20},"end":{"line":14,"column":8}},"7":{"start":{"line":16,"column":6},"end":{"line":20,"column":9}},"8":{"start":{"line":22,"column":6},"end":{"line":22,"column":18}},"9":{"start":{"line":27,"column":4},"end":{"line":50,"column":5}},"10":{"start":{"line":28,"column":30},"end":{"line":28,"column":38}},"11":{"start":{"line":29,"column":6},"end":{"line":31,"column":7}},"12":{"start":{"line":30,"column":8},"end":{"line":30,"column":65}},"13":{"start":{"line":32,"column":6},"end":{"line":34,"column":7}},"14":{"start":{"line":33,"column":8},"end":{"line":33,"column":68}},"15":{"start":{"line":35,"column":17},"end":{"line":35,"column":53}},"16":{"start":{"line":36,"column":6},"end":{"line":38,"column":7}},"17":{"start":{"line":37,"column":8},"end":{"line":37,"column":72}},"18":{"start":{"line":39,"column":28},"end":{"line":39,"column":68}},"19":{"start":{"line":40,"column":6},"end":{"line":42,"column":7}},"20":{"start":{"line":41,"column":8},"end":{"line":41,"column":72}},"21":{"start":{"line":43,"column":25},"end":{"line":43,"column":68}},"22":{"start":{"line":44,"column":6},"end":{"line":44,"column":72}},"23":{"start":{"line":45,"column":6},"end":{"line":45,"column":62}},"24":{"start":{"line":47,"column":6},"end":{"line":47,"column":33}},"25":{"start":{"line":49,"column":6},"end":{"line":49,"column":18}},"26":{"start":{"line":54,"column":19},"end":{"line":54,"column":37}},"27":{"start":{"line":55,"column":26},"end":{"line":55,"column":34}},"28":{"start":{"line":57,"column":4},"end":{"line":91,"column":5}},"29":{"start":{"line":58,"column":6},"end":{"line":60,"column":7}},"30":{"start":{"line":59,"column":8},"end":{"line":59,"column":72}},"31":{"start":{"line":62,"column":21},"end":{"line":65,"column":8}},"32":{"start":{"line":67,"column":22},"end":{"line":67,"column":41}},"33":{"start":{"line":68,"column":6},"end":{"line":68,"column":52}},"34":{"start":{"line":69,"column":23},"end":{"line":69,"column":50}},"35":{"start":{"line":71,"column":17},"end":{"line":71,"column":68}},"36":{"start":{"line":73,"column":6},"end":{"line":80,"column":7}},"37":{"start":{"line":74,"column":8},"end":{"line":78,"column":11}},"38":{"start":{"line":79,"column":8},"end":{"line":79,"column":47}},"39":{"start":{"line":82,"column":20},"end":{"line":86,"column":8}},"40":{"start":{"line":87,"column":6},"end":{"line":87,"column":49}},"41":{"start":{"line":88,"column":6},"end":{"line":88,"column":50}},"42":{"start":{"line":90,"column":6},"end":{"line":90,"column":18}},"43":{"start":{"line":95,"column":0},"end":{"line":95,"column":32}}},"fnMap":{"0":{"name":"(anonymous_0)","decl":{"start":{"line":7,"column":2},"end":{"line":7,"column":3}},"loc":{"start":{"line":7,"column":40},"end":{"line":24,"column":3}},"line":7},"1":{"name":"(anonymous_1)","decl":{"start":{"line":26,"column":2},"end":{"line":26,"column":3}},"loc":{"start":{"line":26,"column":37},"end":{"line":51,"column":3}},"line":26},"2":{"name":"(anonymous_2)","decl":{"start":{"line":53,"column":2},"end":{"line":53,"column":3}},"loc":{"start":{"line":53,"column":43},"end":{"line":92,"column":3}},"line":53}},"branchMap":{"0":{"loc":{"start":{"line":29,"column":6},"end":{"line":31,"column":7}},"type":"if","locations":[{"start":{"line":29,"column":6},"end":{"line":31,"column":7}},{"start":{},"end":{}}],"line":29},"1":{"loc":{"start":{"line":32,"column":6},"end":{"line":34,"column":7}},"type":"if","locations":[{"start":{"line":32,"column":6},"end":{"line":34,"column":7}},{"start":{},"end":{}}],"line":32},"2":{"loc":{"start":{"line":36,"column":6},"end":{"line":38,"column":7}},"type":"if","locations":[{"start":{"line":36,"column":6},"end":{"line":38,"column":7}},{"start":{},"end":{}}],"line":36},"3":{"loc":{"start":{"line":40,"column":6},"end":{"line":42,"column":7}},"type":"if","locations":[{"start":{"line":40,"column":6},"end":{"line":42,"column":7}},{"start":{},"end":{}}],"line":40},"4":{"loc":{"start":{"line":58,"column":6},"end":{"line":60,"column":7}},"type":"if","locations":[{"start":{"line":58,"column":6},"end":{"line":60,"column":7}},{"start":{},"end":{}}],"line":58},"5":{"loc":{"start":{"line":73,"column":6},"end":{"line":80,"column":7}},"type":"if","locations":[{"start":{"line":73,"column":6},"end":{"line":80,"column":7}},{"start":{},"end":{}}],"line":73}},"s":{"0":1,"1":1,"2":1,"3":1,"4":0,"5":0,"6":0,"7":0,"8":0,"9":0,"10":0,"11":0,"12":0,"13":0,"14":0,"15":0,"16":0,"17":0,"18":0,"19":0,"20":0,"21":0,"22":0,"23":0,"24":0,"25":0,"26":0,"27":0,"28":0,"29":0,"30":0,"31":0,"32":0,"33":0,"34":0,"35":0,"36":0,"37":0,"38":0,"39":0,"40":0,"41":0,"42":0,"43":1},"f":{"0":0,"1":0,"2":0},"b":{"0":[0,0],"1":[0,0],"2":[0,0],"3":[0,0],"4":[0,0],"5":[0,0]},"_coverageSchema":"1a1c01bbd47fc00a2c39e90264f33305004495a9","hash":"54716d1185a5442f20896ef176b95b088d9fb6a3"}
,"C:\\Users\\yanak\\Documents\\Bootcamp\\Hacktiv8\\Phase 2 Repeat\\Individual Project\\IP-Yanbi\\server\\helpers\\bcrypt.js": {"path":"C:\\Users\\yanak\\Documents\\Bootcamp\\Hacktiv8\\Phase 2 Repeat\\Individual Project\\IP-Yanbi\\server\\helpers\\bcrypt.js","statementMap":{"0":{"start":{"line":1,"column":15},"end":{"line":1,"column":34}},"1":{"start":{"line":3,"column":21},"end":{"line":5,"column":1}},"2":{"start":{"line":4,"column":2},"end":{"line":4,"column":39}},"3":{"start":{"line":7,"column":24},"end":{"line":9,"column":1}},"4":{"start":{"line":8,"column":2},"end":{"line":8,"column":54}},"5":{"start":{"line":11,"column":0},"end":{"line":11,"column":49}}},"fnMap":{"0":{"name":"(anonymous_0)","decl":{"start":{"line":3,"column":21},"end":{"line":3,"column":22}},"loc":{"start":{"line":3,"column":35},"end":{"line":5,"column":1}},"line":3},"1":{"name":"(anonymous_1)","decl":{"start":{"line":7,"column":24},"end":{"line":7,"column":25}},"loc":{"start":{"line":7,"column":54},"end":{"line":9,"column":1}},"line":7}},"branchMap":{},"s":{"0":1,"1":1,"2":1,"3":1,"4":1,"5":1},"f":{"0":1,"1":1},"b":{},"_coverageSchema":"1a1c01bbd47fc00a2c39e90264f33305004495a9","hash":"af2108c30a8bd95c930c04f7dfa1cf85f6ef34c3"}
,"C:\\Users\\yanak\\Documents\\Bootcamp\\Hacktiv8\\Phase 2 Repeat\\Individual Project\\IP-Yanbi\\server\\helpers\\gemini.js": {"path":"C:\\Users\\yanak\\Documents\\Bootcamp\\Hacktiv8\\Phase 2 Repeat\\Individual Project\\IP-Yanbi\\server\\helpers\\gemini.js","statementMap":{"0":{"start":{"line":1,"column":29},"end":{"line":1,"column":61}},"1":{"start":{"line":4,"column":16},"end":{"line":4,"column":66}},"2":{"start":{"line":5,"column":16},"end":{"line":7,"column":4}},"3":{"start":{"line":8,"column":17},"end":{"line":8,"column":52}},"4":{"start":{"line":9,"column":2},"end":{"line":9,"column":32}},"5":{"start":{"line":12,"column":0},"end":{"line":12,"column":35}}},"fnMap":{"0":{"name":"generateContent","decl":{"start":{"line":3,"column":15},"end":{"line":3,"column":30}},"loc":{"start":{"line":3,"column":39},"end":{"line":10,"column":1}},"line":3}},"branchMap":{},"s":{"0":1,"1":0,"2":0,"3":0,"4":0,"5":1},"f":{"0":0},"b":{},"_coverageSchema":"1a1c01bbd47fc00a2c39e90264f33305004495a9","hash":"8ad8643cb26b5be4079483bbcf75f1e744affe22"}
,"C:\\Users\\yanak\\Documents\\Bootcamp\\Hacktiv8\\Phase 2 Repeat\\Individual Project\\IP-Yanbi\\server\\helpers\\jwt.js": {"path":"C:\\Users\\yanak\\Documents\\Bootcamp\\Hacktiv8\\Phase 2 Repeat\\Individual Project\\IP-Yanbi\\server\\helpers\\jwt.js","statementMap":{"0":{"start":{"line":1,"column":12},"end":{"line":1,"column":35}},"1":{"start":{"line":3,"column":18},"end":{"line":5,"column":1}},"2":{"start":{"line":4,"column":2},"end":{"line":4,"column":51}},"3":{"start":{"line":7,"column":20},"end":{"line":9,"column":1}},"4":{"start":{"line":8,"column":2},"end":{"line":8,"column":51}},"5":{"start":{"line":11,"column":0},"end":{"line":11,"column":42}}},"fnMap":{"0":{"name":"(anonymous_0)","decl":{"start":{"line":3,"column":18},"end":{"line":3,"column":19}},"loc":{"start":{"line":3,"column":31},"end":{"line":5,"column":1}},"line":3},"1":{"name":"(anonymous_1)","decl":{"start":{"line":7,"column":20},"end":{"line":7,"column":21}},"loc":{"start":{"line":7,"column":31},"end":{"line":9,"column":1}},"line":7}},"branchMap":{},"s":{"0":1,"1":1,"2":0,"3":1,"4":0,"5":1},"f":{"0":0,"1":0},"b":{},"_coverageSchema":"1a1c01bbd47fc00a2c39e90264f33305004495a9","hash":"8c916433dffd97c221d5d66e632973afbef9d34e"}
,"C:\\Users\\yanak\\Documents\\Bootcamp\\Hacktiv8\\Phase 2 Repeat\\Individual Project\\IP-Yanbi\\server\\middlewares\\authentication.js": {"path":"C:\\Users\\yanak\\Documents\\Bootcamp\\Hacktiv8\\Phase 2 Repeat\\Individual Project\\IP-Yanbi\\server\\middlewares\\authentication.js","statementMap":{"0":{"start":{"line":1,"column":22},"end":{"line":1,"column":47}},"1":{"start":{"line":2,"column":15},"end":{"line":2,"column":35}},"2":{"start":{"line":5,"column":21},"end":{"line":27,"column":1}},"3":{"start":{"line":6,"column":16},"end":{"line":6,"column":56}},"4":{"start":{"line":7,"column":2},"end":{"line":10,"column":3}},"5":{"start":{"line":8,"column":4},"end":{"line":8,"column":62}},"6":{"start":{"line":9,"column":4},"end":{"line":9,"column":60}},"7":{"start":{"line":11,"column":2},"end":{"line":26,"column":3}},"8":{"start":{"line":12,"column":4},"end":{"line":12,"column":42}},"9":{"start":{"line":13,"column":17},"end":{"line":13,"column":35}},"10":{"start":{"line":14,"column":4},"end":{"line":14,"column":45}},"11":{"start":{"line":16,"column":15},"end":{"line":16,"column":43}},"12":{"start":{"line":17,"column":4},"end":{"line":20,"column":5}},"13":{"start":{"line":18,"column":6},"end":{"line":18,"column":59}},"14":{"start":{"line":19,"column":6},"end":{"line":19,"column":62}},"15":{"start":{"line":21,"column":4},"end":{"line":21,"column":48}},"16":{"start":{"line":22,"column":4},"end":{"line":22,"column":11}},"17":{"start":{"line":24,"column":4},"end":{"line":24,"column":51}},"18":{"start":{"line":25,"column":4},"end":{"line":25,"column":16}},"19":{"start":{"line":29,"column":0},"end":{"line":29,"column":30}}},"fnMap":{"0":{"name":"(anonymous_0)","decl":{"start":{"line":5,"column":21},"end":{"line":5,"column":22}},"loc":{"start":{"line":5,"column":47},"end":{"line":27,"column":1}},"line":5}},"branchMap":{"0":{"loc":{"start":{"line":7,"column":2},"end":{"line":10,"column":3}},"type":"if","locations":[{"start":{"line":7,"column":2},"end":{"line":10,"column":3}},{"start":{},"end":{}}],"line":7},"1":{"loc":{"start":{"line":17,"column":4},"end":{"line":20,"column":5}},"type":"if","locations":[{"start":{"line":17,"column":4},"end":{"line":20,"column":5}},{"start":{},"end":{}}],"line":17}},"s":{"0":1,"1":1,"2":1,"3":1,"4":1,"5":1,"6":1,"7":0,"8":0,"9":0,"10":0,"11":0,"12":0,"13":0,"14":0,"15":0,"16":0,"17":0,"18":0,"19":1},"f":{"0":1},"b":{"0":[1,0],"1":[0,0]},"_coverageSchema":"1a1c01bbd47fc00a2c39e90264f33305004495a9","hash":"f7f3e84863697980bbed038943f89271b6bd013e"}
,"C:\\Users\\yanak\\Documents\\Bootcamp\\Hacktiv8\\Phase 2 Repeat\\Individual Project\\IP-Yanbi\\server\\middlewares\\errorHandler.js": {"path":"C:\\Users\\yanak\\Documents\\Bootcamp\\Hacktiv8\\Phase 2 Repeat\\Individual Project\\IP-Yanbi\\server\\middlewares\\errorHandler.js","statementMap":{"0":{"start":{"line":2,"column":2},"end":{"line":2,"column":21}},"1":{"start":{"line":4,"column":2},"end":{"line":9,"column":3}},"2":{"start":{"line":8,"column":4},"end":{"line":8,"column":66}},"3":{"start":{"line":10,"column":2},"end":{"line":12,"column":3}},"4":{"start":{"line":11,"column":4},"end":{"line":11,"column":56}},"5":{"start":{"line":13,"column":2},"end":{"line":15,"column":3}},"6":{"start":{"line":14,"column":4},"end":{"line":14,"column":56}},"7":{"start":{"line":16,"column":2},"end":{"line":18,"column":3}},"8":{"start":{"line":17,"column":4},"end":{"line":17,"column":60}},"9":{"start":{"line":19,"column":2},"end":{"line":21,"column":3}},"10":{"start":{"line":20,"column":4},"end":{"line":20,"column":56}},"11":{"start":{"line":22,"column":2},"end":{"line":24,"column":3}},"12":{"start":{"line":23,"column":4},"end":{"line":23,"column":56}},"13":{"start":{"line":25,"column":2},"end":{"line":25,"column":66}},"14":{"start":{"line":28,"column":0},"end":{"line":28,"column":30}}},"fnMap":{"0":{"name":"errorHandler","decl":{"start":{"line":1,"column":9},"end":{"line":1,"column":21}},"loc":{"start":{"line":1,"column":43},"end":{"line":26,"column":1}},"line":1}},"branchMap":{"0":{"loc":{"start":{"line":4,"column":2},"end":{"line":9,"column":3}},"type":"if","locations":[{"start":{"line":4,"column":2},"end":{"line":9,"column":3}},{"start":{},"end":{}}],"line":4},"1":{"loc":{"start":{"line":5,"column":4},"end":{"line":6,"column":49}},"type":"binary-expr","locations":[{"start":{"line":5,"column":4},"end":{"line":5,"column":43}},{"start":{"line":6,"column":4},"end":{"line":6,"column":49}}],"line":5},"2":{"loc":{"start":{"line":10,"column":2},"end":{"line":12,"column":3}},"type":"if","locations":[{"start":{"line":10,"column":2},"end":{"line":12,"column":3}},{"start":{},"end":{}}],"line":10},"3":{"loc":{"start":{"line":13,"column":2},"end":{"line":15,"column":3}},"type":"if","locations":[{"start":{"line":13,"column":2},"end":{"line":15,"column":3}},{"start":{},"end":{}}],"line":13},"4":{"loc":{"start":{"line":16,"column":2},"end":{"line":18,"column":3}},"type":"if","locations":[{"start":{"line":16,"column":2},"end":{"line":18,"column":3}},{"start":{},"end":{}}],"line":16},"5":{"loc":{"start":{"line":19,"column":2},"end":{"line":21,"column":3}},"type":"if","locations":[{"start":{"line":19,"column":2},"end":{"line":21,"column":3}},{"start":{},"end":{}}],"line":19},"6":{"loc":{"start":{"line":22,"column":2},"end":{"line":24,"column":3}},"type":"if","locations":[{"start":{"line":22,"column":2},"end":{"line":24,"column":3}},{"start":{},"end":{}}],"line":22}},"s":{"0":1,"1":1,"2":0,"3":1,"4":0,"5":1,"6":0,"7":1,"8":0,"9":1,"10":0,"11":1,"12":0,"13":1,"14":1},"f":{"0":1},"b":{"0":[0,1],"1":[1,1],"2":[0,1],"3":[0,1],"4":[0,1],"5":[0,1],"6":[0,1]},"_coverageSchema":"1a1c01bbd47fc00a2c39e90264f33305004495a9","hash":"2665e18158cafa4d19a2ee8320a7ae562d95b2a1"}
,"C:\\Users\\yanak\\Documents\\Bootcamp\\Hacktiv8\\Phase 2 Repeat\\Individual Project\\IP-Yanbi\\server\\middlewares\\guardOwner.js": {"path":"C:\\Users\\yanak\\Documents\\Bootcamp\\Hacktiv8\\Phase 2 Repeat\\Individual Project\\IP-Yanbi\\server\\middlewares\\guardOwner.js","statementMap":{"0":{"start":{"line":1,"column":17},"end":{"line":1,"column":37}},"1":{"start":{"line":3,"column":19},"end":{"line":28,"column":1}},"2":{"start":{"line":4,"column":2},"end":{"line":27,"column":3}},"3":{"start":{"line":5,"column":21},"end":{"line":5,"column":34}},"4":{"start":{"line":6,"column":19},"end":{"line":6,"column":50}},"5":{"start":{"line":8,"column":4},"end":{"line":13,"column":6}},"6":{"start":{"line":15,"column":4},"end":{"line":17,"column":5}},"7":{"start":{"line":16,"column":6},"end":{"line":16,"column":66}},"8":{"start":{"line":19,"column":4},"end":{"line":21,"column":5}},"9":{"start":{"line":20,"column":6},"end":{"line":20,"column":59}},"10":{"start":{"line":23,"column":4},"end":{"line":23,"column":24}},"11":{"start":{"line":24,"column":4},"end":{"line":24,"column":11}},"12":{"start":{"line":26,"column":4},"end":{"line":26,"column":16}},"13":{"start":{"line":30,"column":0},"end":{"line":30,"column":28}}},"fnMap":{"0":{"name":"(anonymous_0)","decl":{"start":{"line":3,"column":19},"end":{"line":3,"column":20}},"loc":{"start":{"line":3,"column":45},"end":{"line":28,"column":1}},"line":3}},"branchMap":{"0":{"loc":{"start":{"line":15,"column":4},"end":{"line":17,"column":5}},"type":"if","locations":[{"start":{"line":15,"column":4},"end":{"line":17,"column":5}},{"start":{},"end":{}}],"line":15},"1":{"loc":{"start":{"line":19,"column":4},"end":{"line":21,"column":5}},"type":"if","locations":[{"start":{"line":19,"column":4},"end":{"line":21,"column":5}},{"start":{},"end":{}}],"line":19}},"s":{"0":1,"1":1,"2":0,"3":0,"4":0,"5":0,"6":0,"7":0,"8":0,"9":0,"10":0,"11":0,"12":0,"13":1},"f":{"0":0},"b":{"0":[0,0],"1":[0,0]},"_coverageSchema":"1a1c01bbd47fc00a2c39e90264f33305004495a9","hash":"08377c4acf176f928c10a9fcc394e8e7a6ee5494"}
,"C:\\Users\\yanak\\Documents\\Bootcamp\\Hacktiv8\\Phase 2 Repeat\\Individual Project\\IP-Yanbi\\server\\models\\country.js": {"path":"C:\\Users\\yanak\\Documents\\Bootcamp\\Hacktiv8\\Phase 2 Repeat\\Individual Project\\IP-Yanbi\\server\\models\\country.js","statementMap":{"0":{"start":{"line":2,"column":16},"end":{"line":2,"column":36}},"1":{"start":{"line":3,"column":0},"end":{"line":104,"column":2}},"2":{"start":{"line":12,"column":6},"end":{"line":12,"column":64}},"3":{"start":{"line":15,"column":2},"end":{"line":102,"column":4}},"4":{"start":{"line":103,"column":2},"end":{"line":103,"column":17}}},"fnMap":{"0":{"name":"(anonymous_0)","decl":{"start":{"line":3,"column":17},"end":{"line":3,"column":18}},"loc":{"start":{"line":3,"column":43},"end":{"line":104,"column":1}},"line":3},"1":{"name":"(anonymous_1)","decl":{"start":{"line":10,"column":4},"end":{"line":10,"column":5}},"loc":{"start":{"line":10,"column":29},"end":{"line":13,"column":5}},"line":10}},"branchMap":{},"s":{"0":1,"1":1,"2":1,"3":1,"4":1},"f":{"0":1,"1":1},"b":{},"_coverageSchema":"1a1c01bbd47fc00a2c39e90264f33305004495a9","hash":"8ed09ee06d6e6effe9af0132f474245b0d44ae1f"}
,"C:\\Users\\yanak\\Documents\\Bootcamp\\Hacktiv8\\Phase 2 Repeat\\Individual Project\\IP-Yanbi\\server\\models\\index.js": {"path":"C:\\Users\\yanak\\Documents\\Bootcamp\\Hacktiv8\\Phase 2 Repeat\\Individual Project\\IP-Yanbi\\server\\models\\index.js","statementMap":{"0":{"start":{"line":3,"column":11},"end":{"line":3,"column":24}},"1":{"start":{"line":4,"column":13},"end":{"line":4,"column":28}},"2":{"start":{"line":5,"column":18},"end":{"line":5,"column":38}},"3":{"start":{"line":6,"column":16},"end":{"line":6,"column":34}},"4":{"start":{"line":7,"column":17},"end":{"line":7,"column":42}},"5":{"start":{"line":8,"column":12},"end":{"line":8,"column":49}},"6":{"start":{"line":9,"column":15},"end":{"line":9,"column":65}},"7":{"start":{"line":10,"column":11},"end":{"line":10,"column":13}},"8":{"start":{"line":13,"column":0},"end":{"line":17,"column":1}},"9":{"start":{"line":14,"column":2},"end":{"line":14,"column":74}},"10":{"start":{"line":16,"column":2},"end":{"line":16,"column":87}},"11":{"start":{"line":19,"column":0},"end":{"line":32,"column":5}},"12":{"start":{"line":22,"column":4},"end":{"line":27,"column":6}},"13":{"start":{"line":30,"column":18},"end":{"line":30,"column":85}},"14":{"start":{"line":31,"column":4},"end":{"line":31,"column":27}},"15":{"start":{"line":34,"column":0},"end":{"line":38,"column":3}},"16":{"start":{"line":35,"column":2},"end":{"line":37,"column":3}},"17":{"start":{"line":36,"column":4},"end":{"line":36,"column":32}},"18":{"start":{"line":40,"column":0},"end":{"line":40,"column":25}},"19":{"start":{"line":41,"column":0},"end":{"line":41,"column":25}},"20":{"start":{"line":43,"column":0},"end":{"line":43,"column":20}}},"fnMap":{"0":{"name":"(anonymous_0)","decl":{"start":{"line":21,"column":10},"end":{"line":21,"column":11}},"loc":{"start":{"line":21,"column":18},"end":{"line":28,"column":3}},"line":21},"1":{"name":"(anonymous_1)","decl":{"start":{"line":29,"column":11},"end":{"line":29,"column":12}},"loc":{"start":{"line":29,"column":19},"end":{"line":32,"column":3}},"line":29},"2":{"name":"(anonymous_2)","decl":{"start":{"line":34,"column":24},"end":{"line":34,"column":25}},"loc":{"start":{"line":34,"column":37},"end":{"line":38,"column":1}},"line":34}},"branchMap":{"0":{"loc":{"start":{"line":8,"column":12},"end":{"line":8,"column":49}},"type":"binary-expr","locations":[{"start":{"line":8,"column":12},"end":{"line":8,"column":32}},{"start":{"line":8,"column":36},"end":{"line":8,"column":49}}],"line":8},"1":{"loc":{"start":{"line":13,"column":0},"end":{"line":17,"column":1}},"type":"if","locations":[{"start":{"line":13,"column":0},"end":{"line":17,"column":1}},{"start":{"line":15,"column":7},"end":{"line":17,"column":1}}],"line":13},"2":{"loc":{"start":{"line":23,"column":6},"end":{"line":26,"column":37}},"type":"binary-expr","locations":[{"start":{"line":23,"column":6},"end":{"line":23,"column":29}},{"start":{"line":24,"column":6},"end":{"line":24,"column":23}},{"start":{"line":25,"column":6},"end":{"line":25,"column":30}},{"start":{"line":26,"column":6},"end":{"line":26,"column":37}}],"line":23},"3":{"loc":{"start":{"line":35,"column":2},"end":{"line":37,"column":3}},"type":"if","locations":[{"start":{"line":35,"column":2},"end":{"line":37,"column":3}},{"start":{},"end":{}}],"line":35}},"s":{"0":1,"1":1,"2":1,"3":1,"4":1,"5":1,"6":1,"7":1,"8":1,"9":0,"10":1,"11":1,"12":4,"13":3,"14":3,"15":1,"16":3,"17":3,"18":1,"19":1,"20":1},"f":{"0":4,"1":3,"2":3},"b":{"0":[1,0],"1":[0,1],"2":[4,4,3,3],"3":[3,0]},"_coverageSchema":"1a1c01bbd47fc00a2c39e90264f33305004495a9","hash":"8f94e21df8f1c3702fb145f74fa817d10a7a5d20"}
,"C:\\Users\\yanak\\Documents\\Bootcamp\\Hacktiv8\\Phase 2 Repeat\\Individual Project\\IP-Yanbi\\server\\models\\review.js": {"path":"C:\\Users\\yanak\\Documents\\Bootcamp\\Hacktiv8\\Phase 2 Repeat\\Individual Project\\IP-Yanbi\\server\\models\\review.js","statementMap":{"0":{"start":{"line":2,"column":16},"end":{"line":2,"column":36}},"1":{"start":{"line":3,"column":0},"end":{"line":46,"column":2}},"2":{"start":{"line":11,"column":6},"end":{"line":11,"column":60}},"3":{"start":{"line":12,"column":6},"end":{"line":12,"column":66}},"4":{"start":{"line":15,"column":2},"end":{"line":44,"column":4}},"5":{"start":{"line":45,"column":2},"end":{"line":45,"column":16}}},"fnMap":{"0":{"name":"(anonymous_0)","decl":{"start":{"line":3,"column":17},"end":{"line":3,"column":18}},"loc":{"start":{"line":3,"column":43},"end":{"line":46,"column":1}},"line":3},"1":{"name":"(anonymous_1)","decl":{"start":{"line":10,"column":4},"end":{"line":10,"column":5}},"loc":{"start":{"line":10,"column":29},"end":{"line":13,"column":5}},"line":10}},"branchMap":{},"s":{"0":1,"1":1,"2":1,"3":1,"4":1,"5":1},"f":{"0":1,"1":1},"b":{},"_coverageSchema":"1a1c01bbd47fc00a2c39e90264f33305004495a9","hash":"b1ee0ec81aac7f5d92c8fd32234ff6babce8253b"}
,"C:\\Users\\yanak\\Documents\\Bootcamp\\Hacktiv8\\Phase 2 Repeat\\Individual Project\\IP-Yanbi\\server\\models\\user.js": {"path":"C:\\Users\\yanak\\Documents\\Bootcamp\\Hacktiv8\\Phase 2 Repeat\\Individual Project\\IP-Yanbi\\server\\models\\user.js","statementMap":{"0":{"start":{"line":3,"column":16},"end":{"line":3,"column":36}},"1":{"start":{"line":4,"column":23},"end":{"line":4,"column":51}},"2":{"start":{"line":6,"column":0},"end":{"line":64,"column":2}},"3":{"start":{"line":15,"column":6},"end":{"line":15,"column":58}},"4":{"start":{"line":18,"column":2},"end":{"line":59,"column":4}},"5":{"start":{"line":60,"column":2},"end":{"line":62,"column":5}},"6":{"start":{"line":61,"column":4},"end":{"line":61,"column":48}},"7":{"start":{"line":63,"column":2},"end":{"line":63,"column":14}}},"fnMap":{"0":{"name":"(anonymous_0)","decl":{"start":{"line":6,"column":17},"end":{"line":6,"column":18}},"loc":{"start":{"line":6,"column":43},"end":{"line":64,"column":1}},"line":6},"1":{"name":"(anonymous_1)","decl":{"start":{"line":13,"column":4},"end":{"line":13,"column":5}},"loc":{"start":{"line":13,"column":29},"end":{"line":16,"column":5}},"line":13},"2":{"name":"(anonymous_2)","decl":{"start":{"line":60,"column":20},"end":{"line":60,"column":21}},"loc":{"start":{"line":60,"column":30},"end":{"line":62,"column":3}},"line":60}},"branchMap":{},"s":{"0":1,"1":1,"2":1,"3":1,"4":1,"5":1,"6":0,"7":1},"f":{"0":1,"1":1,"2":0},"b":{},"_coverageSchema":"1a1c01bbd47fc00a2c39e90264f33305004495a9","hash":"566e4e31b63eb108a0b56b7400fa70b92ae8e174"}
,"C:\\Users\\yanak\\Documents\\Bootcamp\\Hacktiv8\\Phase 2 Repeat\\Individual Project\\IP-Yanbi\\server\\routes\\index.js": {"path":"C:\\Users\\yanak\\Documents\\Bootcamp\\Hacktiv8\\Phase 2 Repeat\\Individual Project\\IP-Yanbi\\server\\routes\\index.js","statementMap":{"0":{"start":{"line":1,"column":23},"end":{"line":1,"column":62}},"1":{"start":{"line":2,"column":26},"end":{"line":2,"column":68}},"2":{"start":{"line":3,"column":25},"end":{"line":3,"column":66}},"3":{"start":{"line":4,"column":19},"end":{"line":4,"column":55}},"4":{"start":{"line":5,"column":21},"end":{"line":5,"column":59}},"5":{"start":{"line":6,"column":21},"end":{"line":6,"column":61}},"6":{"start":{"line":7,"column":15},"end":{"line":7,"column":42}},"7":{"start":{"line":9,"column":0},"end":{"line":9,"column":58}},"8":{"start":{"line":9,"column":30},"end":{"line":9,"column":56}},"9":{"start":{"line":12,"column":0},"end":{"line":12,"column":44}},"10":{"start":{"line":13,"column":0},"end":{"line":13,"column":50}},"11":{"start":{"line":14,"column":0},"end":{"line":14,"column":56}},"12":{"start":{"line":17,"column":0},"end":{"line":17,"column":60}},"13":{"start":{"line":20,"column":0},"end":{"line":20,"column":56}},"14":{"start":{"line":21,"column":0},"end":{"line":21,"column":72}},"15":{"start":{"line":22,"column":0},"end":{"line":22,"column":66}},"16":{"start":{"line":23,"column":0},"end":{"line":23,"column":70}},"17":{"start":{"line":24,"column":0},"end":{"line":24,"column":70}},"18":{"start":{"line":27,"column":0},"end":{"line":27,"column":25}},"19":{"start":{"line":28,"column":0},"end":{"line":28,"column":63}},"20":{"start":{"line":29,"column":0},"end":{"line":29,"column":64}},"21":{"start":{"line":30,"column":0},"end":{"line":30,"column":67}},"22":{"start":{"line":32,"column":0},"end":{"line":32,"column":25}},"23":{"start":{"line":34,"column":0},"end":{"line":34,"column":24}}},"fnMap":{"0":{"name":"(anonymous_0)","decl":{"start":{"line":9,"column":16},"end":{"line":9,"column":17}},"loc":{"start":{"line":9,"column":30},"end":{"line":9,"column":56}},"line":9}},"branchMap":{},"s":{"0":1,"1":1,"2":1,"3":1,"4":1,"5":1,"6":1,"7":1,"8":2,"9":1,"10":1,"11":1,"12":1,"13":1,"14":1,"15":1,"16":1,"17":1,"18":1,"19":1,"20":1,"21":1,"22":1,"23":1},"f":{"0":2},"b":{},"_coverageSchema":"1a1c01bbd47fc00a2c39e90264f33305004495a9","hash":"51f3f829714bc29a23bda0d16758b4d14758da70"}
}
